<?xml version="1.0" encoding="UTF-8"?>
<testsuite name="edu.uoc.nertia.model.stack.StackItemTest" tests="7" skipped="0" failures="0" errors="0" timestamp="2022-07-20T15:38:13" hostname="LABESTIA" time="0.01">
  <properties/>
  <testcase name="Sanity - Class definition" classname="edu.uoc.nertia.model.stack.StackItemTest" time="0.001"/>
  <testcase name="Sanity - Methods definition" classname="edu.uoc.nertia.model.stack.StackItemTest" time="0.002"/>
  <testcase name="Minimum - originElement" classname="edu.uoc.nertia.model.stack.StackItemTest" time="0.0"/>
  <testcase name="Minimum - collectedGems" classname="edu.uoc.nertia.model.stack.StackItemTest" time="0.0"/>
  <testcase name="Minimum - collectedLives" classname="edu.uoc.nertia.model.stack.StackItemTest" time="0.0"/>
  <testcase name="Minimum - originPosition" classname="edu.uoc.nertia.model.stack.StackItemTest" time="0.001"/>
  <testcase name="Sanity - Fields definition" classname="edu.uoc.nertia.model.stack.StackItemTest" time="0.002"/>
  <system-out><![CDATA[]]></system-out>
  <system-err><![CDATA[]]></system-err>
</testsuite>
