<?xml version="1.0" encoding="UTF-8"?>
<testsuite name="edu.uoc.nertia.model.cells.ElementTest" tests="7" skipped="0" failures="0" errors="0" timestamp="2022-07-20T15:38:13" hostname="LABESTIA" time="0.011">
  <properties/>
  <testcase name="Sanity - Methods and Constructors definition" classname="edu.uoc.nertia.model.cells.ElementTest" time="0.003"/>
  <testcase name="Minimum - toString" classname="edu.uoc.nertia.model.cells.ElementTest" time="0.001"/>
  <testcase name="Sanity - Enum definition" classname="edu.uoc.nertia.model.cells.ElementTest" time="0.001"/>
  <testcase name="Minimum - getSymbol" classname="edu.uoc.nertia.model.cells.ElementTest" time="0.0"/>
  <testcase name="Minimum - symbol2Element" classname="edu.uoc.nertia.model.cells.ElementTest" time="0.0"/>
  <testcase name="Minimum - getImageSrc" classname="edu.uoc.nertia.model.cells.ElementTest" time="0.0"/>
  <testcase name="Sanity - Fields definition" classname="edu.uoc.nertia.model.cells.ElementTest" time="0.004"/>
  <system-out><![CDATA[]]></system-out>
  <system-err><![CDATA[]]></system-err>
</testsuite>
