<?xml version="1.0" encoding="UTF-8"?>
<testsuite name="edu.uoc.nertia.model.leaderboard.ScoreTest" tests="7" skipped="0" failures="0" errors="0" timestamp="2022-07-20T15:38:13" hostname="LABESTIA" time="0.013">
  <properties/>
  <testcase name="Advanced - Class definition" classname="edu.uoc.nertia.model.leaderboard.ScoreTest" time="0.001"/>
  <testcase name="Advanced - Methods definition" classname="edu.uoc.nertia.model.leaderboard.ScoreTest" time="0.005"/>
  <testcase name="Advanced - toString" classname="edu.uoc.nertia.model.leaderboard.ScoreTest" time="0.0"/>
  <testcase name="Advanced - points" classname="edu.uoc.nertia.model.leaderboard.ScoreTest" time="0.0"/>
  <testcase name="Advanced - toString" classname="edu.uoc.nertia.model.leaderboard.ScoreTest" time="0.001"/>
  <testcase name="Advanced - name" classname="edu.uoc.nertia.model.leaderboard.ScoreTest" time="0.001"/>
  <testcase name="Advanced - Fields definition" classname="edu.uoc.nertia.model.leaderboard.ScoreTest" time="0.001"/>
  <system-out><![CDATA[]]></system-out>
  <system-err><![CDATA[]]></system-err>
</testsuite>
