<?xml version="1.0" encoding="UTF-8"?>
<testsuite name="edu.uoc.nertia.model.cells.CellFactoryTest" tests="3" skipped="0" failures="0" errors="0" timestamp="2022-07-20T15:38:13" hostname="LABESTIA" time="0.003">
  <properties/>
  <testcase name="Sanity - Methods definition" classname="edu.uoc.nertia.model.cells.CellFactoryTest" time="0.001"/>
  <testcase name="Sanity - getCellInstance definition" classname="edu.uoc.nertia.model.cells.CellFactoryTest" time="0.0"/>
  <testcase name="Sanity - Fields definition" classname="edu.uoc.nertia.model.cells.CellFactoryTest" time="0.001"/>
  <system-out><![CDATA[]]></system-out>
  <system-err><![CDATA[]]></system-err>
</testsuite>
