<?xml version="1.0" encoding="UTF-8"?>
<testsuite name="edu.uoc.nertia.model.utils.DirectionTest" tests="5" skipped="0" failures="0" errors="0" timestamp="2022-07-20T15:38:13" hostname="LABESTIA" time="0.01">
  <properties/>
  <testcase name="Sanity - Methods and Constructors definition" classname="edu.uoc.nertia.model.utils.DirectionTest" time="0.002"/>
  <testcase name="Sanity - Enum definition" classname="edu.uoc.nertia.model.utils.DirectionTest" time="0.001"/>
  <testcase name="Minimum - getRowOffset" classname="edu.uoc.nertia.model.utils.DirectionTest" time="0.0"/>
  <testcase name="Minimum - getColumnOffset" classname="edu.uoc.nertia.model.utils.DirectionTest" time="0.001"/>
  <testcase name="Sanity - Fields definition" classname="edu.uoc.nertia.model.utils.DirectionTest" time="0.005"/>
  <system-out><![CDATA[]]></system-out>
  <system-err><![CDATA[]]></system-err>
</testsuite>
