<?xml version="1.0" encoding="UTF-8"?>
<testsuite name="edu.uoc.nertia.model.cells.CellTest" tests="7" skipped="0" failures="0" errors="0" timestamp="2022-07-20T15:38:13" hostname="LABESTIA" time="0.011">
  <properties/>
  <testcase name="Sanity - Class definition" classname="edu.uoc.nertia.model.cells.CellTest" time="0.001"/>
  <testcase name="Sanity - Methods definition" classname="edu.uoc.nertia.model.cells.CellTest" time="0.002"/>
  <testcase name="Minimum - getPosition" classname="edu.uoc.nertia.model.cells.CellTest" time="0.001"/>
  <testcase name="Minimum - toString" classname="edu.uoc.nertia.model.cells.CellTest" time="0.002"/>
  <testcase name="Minimum - getElement" classname="edu.uoc.nertia.model.cells.CellTest" time="0.001"/>
  <testcase name="Minimum - setElement" classname="edu.uoc.nertia.model.cells.CellTest" time="0.001"/>
  <testcase name="Sanity - Fields definition" classname="edu.uoc.nertia.model.cells.CellTest" time="0.002"/>
  <system-out><![CDATA[]]></system-out>
  <system-err><![CDATA[]]></system-err>
</testsuite>
